<?xml version="1.0" encoding="UTF-8"?>
<!-- Generated by org.testng.reporters.JUnitReportReporter -->
<testsuite hostname="ustdev51" failures="0" tests="1" name="sonarqubeproject.SonarqubeProject" time="3.985" errors="0" timestamp="15 May 2021 09:45:03 GMT" skipped="0">
  <testcase classname="sonarqubeproject.SonarqubeProject" name="sonarqubeproject" time="3.985"/>
</testsuite> <!-- sonarqubeproject.SonarqubeProject -->
